2015-02-22 09:18:15,124 INFO com.mchange.v2.log.MLog - MLog clients using log4j logging.
2015-02-22 09:18:15,514 INFO com.mchange.v2.c3p0.C3P0Registry - Initializing c3p0-0.9.1.2 [built 21-May-2007 15:04:56; debug? true; trace: 10]
2015-02-22 09:18:15,585 INFO com.common.util.Log - 读取机器人名字： 330
2015-02-22 09:18:15,647 INFO com.mchange.v2.c3p0.impl.AbstractPoolBackedDataSource - Initializing c3p0 pool... com.mchange.v2.c3p0.ComboPooledDataSource [ acquireIncrement -> 15, acquireRetryAttempts -> 30, acquireRetryDelay -> 1000, autoCommitOnClose -> false, automaticTestTable -> null, breakAfterAcquireFailure -> true, checkoutTimeout -> 5000, connectionCustomizerClassName -> null, connectionTesterClassName -> com.mchange.v2.c3p0.impl.DefaultConnectionTester, dataSourceName -> tiger, debugUnreturnedConnectionStackTraces -> false, description -> null, driverClass -> com.mysql.jdbc.Driver, factoryClassLocation -> null, forceIgnoreUnresolvedTransactions -> false, identityToken -> 1hgekg2971cint0216yx9cu|7b0d5e0d, idleConnectionTestPeriod -> 60, initialPoolSize -> 75, jdbcUrl -> jdbc:mysql://127.0.0.1:3306/tiger?autoReconnect=true&useUnicode=true&characterEncoding=UTF-8, maxAdministrativeTaskTime -> 0, maxConnectionAge -> 0, maxIdleTime -> 1, maxIdleTimeExcessConnections -> 0, maxPoolSize -> 150, maxStatements -> 0, maxStatementsPerConnection -> 0, minPoolSize -> 25, numHelperThreads -> 10, numThreadsAwaitingCheckoutDefaultUser -> 0, preferredTestQuery -> null, properties -> {user=******, password=******}, propertyCycle -> 0, testConnectionOnCheckin -> false, testConnectionOnCheckout -> false, unreturnedConnectionTimeout -> 0, usesTraditionalReflectiveProxies -> false ]
2015-02-22 09:18:20,648 INFO com.common.util.Log - 读取机器人发言策略： 0
2015-02-22 09:18:26,233 INFO com.common.util.Log - server start: 1010
2015-02-22 09:18:27,528 INFO com.common.util.Log - 加入 AI 30
2015-02-22 09:18:41,072 INFO com.mchange.v2.log.MLog - MLog clients using log4j logging.
2015-02-22 09:18:41,385 INFO com.mchange.v2.c3p0.C3P0Registry - Initializing c3p0-0.9.1.2 [built 21-May-2007 15:04:56; debug? true; trace: 10]
2015-02-22 09:18:41,463 INFO com.common.util.Log - 读取机器人名字： 330
2015-02-22 09:18:41,525 INFO com.mchange.v2.c3p0.impl.AbstractPoolBackedDataSource - Initializing c3p0 pool... com.mchange.v2.c3p0.ComboPooledDataSource [ acquireIncrement -> 15, acquireRetryAttempts -> 30, acquireRetryDelay -> 1000, autoCommitOnClose -> false, automaticTestTable -> null, breakAfterAcquireFailure -> true, checkoutTimeout -> 5000, connectionCustomizerClassName -> null, connectionTesterClassName -> com.mchange.v2.c3p0.impl.DefaultConnectionTester, dataSourceName -> tiger, debugUnreturnedConnectionStackTraces -> false, description -> null, driverClass -> com.mysql.jdbc.Driver, factoryClassLocation -> null, forceIgnoreUnresolvedTransactions -> false, identityToken -> 1hgekg2971ciod0f1as2kbh|5df21b01, idleConnectionTestPeriod -> 60, initialPoolSize -> 75, jdbcUrl -> jdbc:mysql://127.0.0.1:3306/tiger?autoReconnect=true&useUnicode=true&characterEncoding=UTF-8, maxAdministrativeTaskTime -> 0, maxConnectionAge -> 0, maxIdleTime -> 1, maxIdleTimeExcessConnections -> 0, maxPoolSize -> 150, maxStatements -> 0, maxStatementsPerConnection -> 0, minPoolSize -> 25, numHelperThreads -> 10, numThreadsAwaitingCheckoutDefaultUser -> 0, preferredTestQuery -> null, properties -> {user=******, password=******}, propertyCycle -> 0, testConnectionOnCheckin -> false, testConnectionOnCheckout -> false, unreturnedConnectionTimeout -> 0, usesTraditionalReflectiveProxies -> false ]
2015-02-22 09:18:41,812 INFO com.common.util.Log - 读取机器人发言策略： 0
2015-02-22 09:18:42,265 INFO com.common.util.Log - server start: 1010
2015-02-22 09:18:42,281 INFO com.common.util.Log - server start: 843
2015-02-22 09:18:43,359 INFO com.common.util.Log - 加入 AI 28
2015-02-22 09:19:09,888 INFO com.mchange.v2.log.MLog - MLog clients using log4j logging.
2015-02-22 09:19:10,200 INFO com.mchange.v2.c3p0.C3P0Registry - Initializing c3p0-0.9.1.2 [built 21-May-2007 15:04:56; debug? true; trace: 10]
2015-02-22 09:19:10,278 INFO com.common.util.Log - 读取机器人名字： 330
2015-02-22 09:19:10,341 INFO com.mchange.v2.c3p0.impl.AbstractPoolBackedDataSource - Initializing c3p0 pool... com.mchange.v2.c3p0.ComboPooledDataSource [ acquireIncrement -> 15, acquireRetryAttempts -> 30, acquireRetryDelay -> 1000, autoCommitOnClose -> false, automaticTestTable -> null, breakAfterAcquireFailure -> true, checkoutTimeout -> 5000, connectionCustomizerClassName -> null, connectionTesterClassName -> com.mchange.v2.c3p0.impl.DefaultConnectionTester, dataSourceName -> tiger, debugUnreturnedConnectionStackTraces -> false, description -> null, driverClass -> com.mysql.jdbc.Driver, factoryClassLocation -> null, forceIgnoreUnresolvedTransactions -> false, identityToken -> 1hgekg2971cioz8fohc4is|7b0d5e0d, idleConnectionTestPeriod -> 60, initialPoolSize -> 75, jdbcUrl -> jdbc:mysql://127.0.0.1:3306/tiger?autoReconnect=true&useUnicode=true&characterEncoding=UTF-8, maxAdministrativeTaskTime -> 0, maxConnectionAge -> 0, maxIdleTime -> 1, maxIdleTimeExcessConnections -> 0, maxPoolSize -> 150, maxStatements -> 0, maxStatementsPerConnection -> 0, minPoolSize -> 25, numHelperThreads -> 10, numThreadsAwaitingCheckoutDefaultUser -> 0, preferredTestQuery -> null, properties -> {user=******, password=******}, propertyCycle -> 0, testConnectionOnCheckin -> false, testConnectionOnCheckout -> false, unreturnedConnectionTimeout -> 0, usesTraditionalReflectiveProxies -> false ]
2015-02-22 09:19:10,606 INFO com.common.util.Log - 读取机器人发言策略： 0
2015-02-22 09:21:03,083 INFO com.mchange.v2.log.MLog - MLog clients using log4j logging.
2015-02-22 09:21:03,380 INFO com.mchange.v2.c3p0.C3P0Registry - Initializing c3p0-0.9.1.2 [built 21-May-2007 15:04:56; debug? true; trace: 10]
2015-02-22 09:21:03,458 INFO com.common.util.Log - 读取机器人名字： 330
2015-02-22 09:21:03,521 INFO com.mchange.v2.c3p0.impl.AbstractPoolBackedDataSource - Initializing c3p0 pool... com.mchange.v2.c3p0.ComboPooledDataSource [ acquireIncrement -> 15, acquireRetryAttempts -> 30, acquireRetryDelay -> 1000, autoCommitOnClose -> false, automaticTestTable -> null, breakAfterAcquireFailure -> true, checkoutTimeout -> 5000, connectionCustomizerClassName -> null, connectionTesterClassName -> com.mchange.v2.c3p0.impl.DefaultConnectionTester, dataSourceName -> tiger, debugUnreturnedConnectionStackTraces -> false, description -> null, driverClass -> com.mysql.jdbc.Driver, factoryClassLocation -> null, forceIgnoreUnresolvedTransactions -> false, identityToken -> 1b61hpa971cirekr7ttvy7|5df21b01, idleConnectionTestPeriod -> 60, initialPoolSize -> 75, jdbcUrl -> jdbc:mysql://127.0.0.1:3306/tiger?autoReconnect=true&useUnicode=true&characterEncoding=UTF-8, maxAdministrativeTaskTime -> 0, maxConnectionAge -> 0, maxIdleTime -> 1, maxIdleTimeExcessConnections -> 0, maxPoolSize -> 150, maxStatements -> 0, maxStatementsPerConnection -> 0, minPoolSize -> 25, numHelperThreads -> 10, numThreadsAwaitingCheckoutDefaultUser -> 0, preferredTestQuery -> null, properties -> {user=******, password=******}, propertyCycle -> 0, testConnectionOnCheckin -> false, testConnectionOnCheckout -> false, unreturnedConnectionTimeout -> 0, usesTraditionalReflectiveProxies -> false ]
2015-02-22 09:21:03,865 INFO com.common.util.Log - 读取机器人发言策略： 0
2015-02-22 09:21:04,473 INFO com.common.util.Log - server start: 1010
2015-02-22 09:21:04,489 INFO com.common.util.Log - server start: 843
2015-02-22 09:21:05,817 INFO com.common.util.Log - 加入 AI 29
2015-02-22 09:21:09,463 INFO com.common.util.Log - 新用户接入,当前在线数量:  1
2015-02-22 09:21:36,195 INFO com.common.util.Log - 房间： 低倍场 期数: 1 type: 0 index: [17] hid: [6] bei: 0.0 在线人数： 30 09:21:36
2015-02-22 09:22:30,448 INFO com.common.util.Log - 房间： 低倍场 期数: 2 type: 0 index: [15] hid: [8] bei: 0.0 在线人数： 30 09:22:30
2015-02-22 09:23:25,105 ERROR com.common.util.Log - 
2015-02-22 09:28:51,945 INFO com.mchange.v2.log.MLog - MLog clients using log4j logging.
2015-02-22 09:28:52,226 INFO com.mchange.v2.c3p0.C3P0Registry - Initializing c3p0-0.9.1.2 [built 21-May-2007 15:04:56; debug? true; trace: 10]
2015-02-22 09:28:52,304 INFO com.common.util.Log - 读取机器人名字： 330
2015-02-22 09:28:52,367 INFO com.mchange.v2.c3p0.impl.AbstractPoolBackedDataSource - Initializing c3p0 pool... com.mchange.v2.c3p0.ComboPooledDataSource [ acquireIncrement -> 15, acquireRetryAttempts -> 30, acquireRetryDelay -> 1000, autoCommitOnClose -> false, automaticTestTable -> null, breakAfterAcquireFailure -> true, checkoutTimeout -> 5000, connectionCustomizerClassName -> null, connectionTesterClassName -> com.mchange.v2.c3p0.impl.DefaultConnectionTester, dataSourceName -> tiger, debugUnreturnedConnectionStackTraces -> false, description -> null, driverClass -> com.mysql.jdbc.Driver, factoryClassLocation -> null, forceIgnoreUnresolvedTransactions -> false, identityToken -> 1b61hpa971cj1gcofo4rr8|2a99e698, idleConnectionTestPeriod -> 60, initialPoolSize -> 75, jdbcUrl -> jdbc:mysql://127.0.0.1:3306/tiger?autoReconnect=true&useUnicode=true&characterEncoding=UTF-8, maxAdministrativeTaskTime -> 0, maxConnectionAge -> 0, maxIdleTime -> 1, maxIdleTimeExcessConnections -> 0, maxPoolSize -> 150, maxStatements -> 0, maxStatementsPerConnection -> 0, minPoolSize -> 25, numHelperThreads -> 10, numThreadsAwaitingCheckoutDefaultUser -> 0, preferredTestQuery -> null, properties -> {user=******, password=******}, propertyCycle -> 0, testConnectionOnCheckin -> false, testConnectionOnCheckout -> false, unreturnedConnectionTimeout -> 0, usesTraditionalReflectiveProxies -> false ]
2015-02-22 09:28:52,655 INFO com.common.util.Log - 读取机器人发言策略： 0
2015-02-22 09:28:53,108 INFO com.common.util.Log - server start: 1010
2015-02-22 09:28:53,124 INFO com.common.util.Log - server start: 843
2015-02-22 09:28:54,452 INFO com.common.util.Log - 加入 AI 30
2015-02-22 09:29:24,986 INFO com.common.util.Log - 房间： 低倍场 期数: 1 type: 0 index: [3] hid: [8] bei: 0.0 在线人数： 30 09:29:24
2015-02-22 09:30:19,137 INFO com.common.util.Log - 房间： 低倍场 期数: 2 type: 0 index: [14] hid: [7] bei: 0.0 在线人数： 30 09:30:19
2015-02-22 09:31:13,089 INFO com.common.util.Log - 房间： 低倍场 期数: 3 type: 0 index: [14] hid: [7] bei: 0.0 在线人数： 30 09:31:13
2015-02-22 09:32:06,966 INFO com.common.util.Log - 房间： 低倍场 期数: 4 type: 0 index: [3] hid: [8] bei: 0.0 在线人数： 30 09:32:06
2015-02-22 09:33:01,058 INFO com.common.util.Log - 房间： 低倍场 期数: 5 type: 0 index: [7] hid: [9] bei: 0.0 在线人数： 30 09:33:01
2015-02-22 09:33:35,811 INFO com.mchange.v2.log.MLog - MLog clients using log4j logging.
2015-02-22 09:33:36,145 INFO com.mchange.v2.c3p0.C3P0Registry - Initializing c3p0-0.9.1.2 [built 21-May-2007 15:04:56; debug? true; trace: 10]
2015-02-22 09:33:36,221 INFO com.common.util.Log - 读取机器人名字： 330
2015-02-22 09:33:36,285 INFO com.mchange.v2.c3p0.impl.AbstractPoolBackedDataSource - Initializing c3p0 pool... com.mchange.v2.c3p0.ComboPooledDataSource [ acquireIncrement -> 15, acquireRetryAttempts -> 30, acquireRetryDelay -> 1000, autoCommitOnClose -> false, automaticTestTable -> null, breakAfterAcquireFailure -> true, checkoutTimeout -> 5000, connectionCustomizerClassName -> null, connectionTesterClassName -> com.mchange.v2.c3p0.impl.DefaultConnectionTester, dataSourceName -> tiger, debugUnreturnedConnectionStackTraces -> false, description -> null, driverClass -> com.mysql.jdbc.Driver, factoryClassLocation -> null, forceIgnoreUnresolvedTransactions -> false, identityToken -> 1b61hpa971cj7je2p9f6m0|5df21b01, idleConnectionTestPeriod -> 60, initialPoolSize -> 75, jdbcUrl -> jdbc:mysql://127.0.0.1:3306/tiger?autoReconnect=true&useUnicode=true&characterEncoding=UTF-8, maxAdministrativeTaskTime -> 0, maxConnectionAge -> 0, maxIdleTime -> 1, maxIdleTimeExcessConnections -> 0, maxPoolSize -> 150, maxStatements -> 0, maxStatementsPerConnection -> 0, minPoolSize -> 25, numHelperThreads -> 10, numThreadsAwaitingCheckoutDefaultUser -> 0, preferredTestQuery -> null, properties -> {user=******, password=******}, propertyCycle -> 0, testConnectionOnCheckin -> false, testConnectionOnCheckout -> false, unreturnedConnectionTimeout -> 0, usesTraditionalReflectiveProxies -> false ]
2015-02-22 09:33:36,572 INFO com.common.util.Log - 读取机器人发言策略： 0
2015-02-22 09:33:37,084 INFO com.common.util.Log - server start: 1010
2015-02-22 09:33:37,104 INFO com.common.util.Log - server start: 843
2015-02-22 09:33:38,419 INFO com.common.util.Log - 加入 AI 24
2015-02-22 09:34:09,078 INFO com.common.util.Log - 房间： 低倍场 期数: 1 type: 0 index: [2] hid: [7] bei: 0.0 在线人数： 24 09:34:09
2015-02-22 09:34:24,234 INFO com.common.util.Log - 新用户接入,当前在线数量:  1
2015-02-22 09:34:46,023 INFO com.common.util.Log - 读取机器人名字： 330
2015-02-22 09:34:46,030 INFO com.common.util.Log - 读取机器人发言策略： 0
2015-02-22 09:34:46,041 INFO com.common.util.Log - 请求关闭房间低倍场
2015-02-22 09:34:46,927 INFO com.common.util.Log - 加入 AI 29
2015-02-22 09:35:02,538 INFO com.common.util.Log - 房间： 低倍场 期数: 2 type: 0 index: [14] hid: [7] bei: 0.0 在线人数： 5 09:35:02
2015-02-22 09:35:26,164 ERROR com.netty.model.SchedulerImpl - 任务 [roomOneSencondTask1] 已取消 !
2015-02-22 09:35:26,164 INFO com.common.util.Log - room: 低倍场主线程终止...
2015-02-22 09:35:26,277 INFO com.common.util.Log - room:低倍场数据保存完毕
2015-02-22 09:35:26,277 INFO com.common.util.Log - room:  低倍场 is closed
2015-02-22 09:35:26,277 ERROR com.netty.model.SchedulerImpl - 任务 [roomAddTask1] 已取消 !
2015-02-22 09:35:26,277 ERROR com.netty.model.SchedulerImpl - 任务 [roomSaveTask1] 已取消 !
2015-02-22 09:35:44,014 INFO com.common.util.Log - /127.0.0.1获取策略文件,asCount:1
2015-02-22 09:36:37,424 INFO com.mchange.v2.log.MLog - MLog clients using log4j logging.
2015-02-22 09:36:37,721 INFO com.mchange.v2.c3p0.C3P0Registry - Initializing c3p0-0.9.1.2 [built 21-May-2007 15:04:56; debug? true; trace: 10]
2015-02-22 09:36:37,799 INFO com.common.util.Log - 读取机器人名字： 330
2015-02-22 09:36:37,862 INFO com.mchange.v2.c3p0.impl.AbstractPoolBackedDataSource - Initializing c3p0 pool... com.mchange.v2.c3p0.ComboPooledDataSource [ acquireIncrement -> 15, acquireRetryAttempts -> 30, acquireRetryDelay -> 1000, autoCommitOnClose -> false, automaticTestTable -> null, breakAfterAcquireFailure -> true, checkoutTimeout -> 5000, connectionCustomizerClassName -> null, connectionTesterClassName -> com.mchange.v2.c3p0.impl.DefaultConnectionTester, dataSourceName -> tiger, debugUnreturnedConnectionStackTraces -> false, description -> null, driverClass -> com.mysql.jdbc.Driver, factoryClassLocation -> null, forceIgnoreUnresolvedTransactions -> false, identityToken -> 1b61hpa971cjbfiopisln1|7b0d5e0d, idleConnectionTestPeriod -> 60, initialPoolSize -> 75, jdbcUrl -> jdbc:mysql://127.0.0.1:3306/tiger?autoReconnect=true&useUnicode=true&characterEncoding=UTF-8, maxAdministrativeTaskTime -> 0, maxConnectionAge -> 0, maxIdleTime -> 1, maxIdleTimeExcessConnections -> 0, maxPoolSize -> 150, maxStatements -> 0, maxStatementsPerConnection -> 0, minPoolSize -> 25, numHelperThreads -> 10, numThreadsAwaitingCheckoutDefaultUser -> 0, preferredTestQuery -> null, properties -> {user=******, password=******}, propertyCycle -> 0, testConnectionOnCheckin -> false, testConnectionOnCheckout -> false, unreturnedConnectionTimeout -> 0, usesTraditionalReflectiveProxies -> false ]
2015-02-22 09:36:38,174 INFO com.common.util.Log - 读取机器人发言策略： 0
2015-02-22 09:36:38,663 INFO com.common.util.Log - server start: 1010
2015-02-22 09:36:38,679 INFO com.common.util.Log - server start: 843
2015-02-22 09:36:39,998 INFO com.common.util.Log - 加入 AI 21
2015-02-22 09:37:10,335 INFO com.common.util.Log - 房间： 低倍场 期数: 1 type: 5 index: [5] hid: [5] bei: 38.0 在线人数： 21 09:37:10
2015-02-22 09:37:21,656 INFO com.common.util.Log - 新用户接入,当前在线数量:  1
2015-02-22 09:38:04,497 INFO com.common.util.Log - 房间： 低倍场 期数: 2 type: 5 index: [5] hid: [5] bei: 75.0 在线人数： 22 09:38:04
2015-02-22 09:38:58,630 INFO com.common.util.Log - 房间： 低倍场 期数: 3 type: 0 index: [7] hid: [9] bei: 0.0 在线人数： 22 09:38:58
2015-02-22 09:39:52,652 INFO com.common.util.Log - 房间： 低倍场 期数: 4 type: 0 index: [2] hid: [7] bei: 0.0 在线人数： 22 09:39:52
2015-02-22 09:40:46,794 INFO com.common.util.Log - 房间： 低倍场 期数: 5 type: 0 index: [7] hid: [9] bei: 0.0 在线人数： 22 09:40:46
2015-02-22 09:41:40,881 INFO com.common.util.Log - 房间： 低倍场 期数: 6 type: 5 index: [5] hid: [5] bei: 32.0 在线人数： 22 09:41:40
2015-02-22 09:42:35,140 INFO com.common.util.Log - 房间： 低倍场 期数: 7 type: 0 index: [1] hid: [9] bei: 0.0 在线人数： 22 09:42:35
2015-02-22 09:42:44,533 INFO com.common.util.Log - 读取机器人名字： 330
2015-02-22 09:42:44,542 INFO com.common.util.Log - 读取机器人发言策略： 0
2015-02-22 09:42:44,558 INFO com.common.util.Log - 请求关闭房间低倍场
2015-02-22 09:42:44,730 INFO com.common.util.Log - 加入 AI 22
2015-02-22 09:42:58,918 ERROR com.netty.model.SchedulerImpl - 任务 [roomOneSencondTask1] 已取消 !
2015-02-22 09:42:58,918 INFO com.common.util.Log - room: 低倍场主线程终止...
2015-02-22 09:42:58,958 INFO com.common.util.Log - room:低倍场数据保存完毕
2015-02-22 09:42:58,958 INFO com.common.util.Log - room:  低倍场 is closed
2015-02-22 09:42:58,958 ERROR com.netty.model.SchedulerImpl - 任务 [roomAddTask1] 已取消 !
2015-02-22 09:42:58,958 ERROR com.netty.model.SchedulerImpl - 任务 [roomSaveTask1] 已取消 !
2015-02-22 09:43:24,242 INFO com.mchange.v2.log.MLog - MLog clients using log4j logging.
2015-02-22 09:43:24,554 INFO com.mchange.v2.c3p0.C3P0Registry - Initializing c3p0-0.9.1.2 [built 21-May-2007 15:04:56; debug? true; trace: 10]
2015-02-22 09:43:24,632 INFO com.common.util.Log - 读取机器人名字： 330
2015-02-22 09:43:24,695 INFO com.mchange.v2.c3p0.impl.AbstractPoolBackedDataSource - Initializing c3p0 pool... com.mchange.v2.c3p0.ComboPooledDataSource [ acquireIncrement -> 15, acquireRetryAttempts -> 30, acquireRetryDelay -> 1000, autoCommitOnClose -> false, automaticTestTable -> null, breakAfterAcquireFailure -> true, checkoutTimeout -> 5000, connectionCustomizerClassName -> null, connectionTesterClassName -> com.mchange.v2.c3p0.impl.DefaultConnectionTester, dataSourceName -> tiger, debugUnreturnedConnectionStackTraces -> false, description -> null, driverClass -> com.mysql.jdbc.Driver, factoryClassLocation -> null, forceIgnoreUnresolvedTransactions -> false, identityToken -> 1b61hpa971cjk5f5nid87h|41cb0ed6, idleConnectionTestPeriod -> 60, initialPoolSize -> 75, jdbcUrl -> jdbc:mysql://127.0.0.1:3306/tiger?autoReconnect=true&useUnicode=true&characterEncoding=UTF-8, maxAdministrativeTaskTime -> 0, maxConnectionAge -> 0, maxIdleTime -> 1, maxIdleTimeExcessConnections -> 0, maxPoolSize -> 150, maxStatements -> 0, maxStatementsPerConnection -> 0, minPoolSize -> 25, numHelperThreads -> 10, numThreadsAwaitingCheckoutDefaultUser -> 0, preferredTestQuery -> null, properties -> {user=******, password=******}, propertyCycle -> 0, testConnectionOnCheckin -> false, testConnectionOnCheckout -> false, unreturnedConnectionTimeout -> 0, usesTraditionalReflectiveProxies -> false ]
2015-02-22 09:43:25,004 INFO com.common.util.Log - 读取机器人发言策略： 0
2015-02-22 09:43:25,543 INFO com.common.util.Log - server start: 1010
2015-02-22 09:43:25,558 INFO com.common.util.Log - server start: 843
2015-02-22 09:43:26,900 INFO com.common.util.Log - 加入 AI 28
2015-02-22 09:43:51,780 INFO com.common.util.Log - 新用户接入,当前在线数量:  1
2015-02-22 09:43:56,947 INFO com.common.util.Log - 房间： 低倍场 期数: 1 type: 2 index: [14] hid: [7] bei: 2.0 在线人数： 29 09:43:56
2015-02-22 09:44:11,288 INFO com.common.util.Log - 读取机器人名字： 330
2015-02-22 09:44:11,305 INFO com.common.util.Log - 读取机器人发言策略： 0
2015-02-22 09:44:11,321 INFO com.common.util.Log - 请求关闭房间低倍场
2015-02-22 09:45:05,714 INFO com.common.util.Log - 房间： 低倍场 期数: 2 type: 0 index: [7] hid: [9] bei: 0.0 在线人数： 0 09:45:05
2015-02-22 09:45:45,507 INFO com.mchange.v2.log.MLog - MLog clients using log4j logging.
2015-02-22 09:45:45,819 INFO com.mchange.v2.c3p0.C3P0Registry - Initializing c3p0-0.9.1.2 [built 21-May-2007 15:04:56; debug? true; trace: 10]
2015-02-22 09:45:45,897 INFO com.common.util.Log - 读取机器人名字： 330
2015-02-22 09:45:45,991 INFO com.mchange.v2.c3p0.impl.AbstractPoolBackedDataSource - Initializing c3p0 pool... com.mchange.v2.c3p0.ComboPooledDataSource [ acquireIncrement -> 15, acquireRetryAttempts -> 30, acquireRetryDelay -> 1000, autoCommitOnClose -> false, automaticTestTable -> null, breakAfterAcquireFailure -> true, checkoutTimeout -> 5000, connectionCustomizerClassName -> null, connectionTesterClassName -> com.mchange.v2.c3p0.impl.DefaultConnectionTester, dataSourceName -> tiger, debugUnreturnedConnectionStackTraces -> false, description -> null, driverClass -> com.mysql.jdbc.Driver, factoryClassLocation -> null, forceIgnoreUnresolvedTransactions -> false, identityToken -> 1b61hpa971cjn6fm1sz42lm|5df21b01, idleConnectionTestPeriod -> 60, initialPoolSize -> 75, jdbcUrl -> jdbc:mysql://127.0.0.1:3306/tiger?autoReconnect=true&useUnicode=true&characterEncoding=UTF-8, maxAdministrativeTaskTime -> 0, maxConnectionAge -> 0, maxIdleTime -> 1, maxIdleTimeExcessConnections -> 0, maxPoolSize -> 150, maxStatements -> 0, maxStatementsPerConnection -> 0, minPoolSize -> 25, numHelperThreads -> 10, numThreadsAwaitingCheckoutDefaultUser -> 0, preferredTestQuery -> null, properties -> {user=******, password=******}, propertyCycle -> 0, testConnectionOnCheckin -> false, testConnectionOnCheckout -> false, unreturnedConnectionTimeout -> 0, usesTraditionalReflectiveProxies -> false ]
2015-02-22 09:45:46,319 INFO com.common.util.Log - 读取机器人发言策略： 0
2015-02-22 09:45:46,832 INFO com.common.util.Log - server start: 1010
2015-02-22 09:45:46,863 INFO com.common.util.Log - server start: 843
2015-02-22 09:45:48,176 INFO com.common.util.Log - 加入 AI 28
2015-02-22 09:46:07,558 INFO com.common.util.Log - 新用户接入,当前在线数量:  1
2015-02-22 09:46:18,688 INFO com.common.util.Log - 房间： 低倍场 期数: 1 type: 0 index: [18] hid: [8] bei: 0.0 在线人数： 29 09:46:18
2015-02-22 09:46:23,313 INFO com.common.util.Log - 读取机器人名字： 330
2015-02-22 09:46:23,321 INFO com.common.util.Log - 读取机器人发言策略： 0
2015-02-22 09:46:23,337 INFO com.common.util.Log - 请求关闭房间低倍场
2015-02-22 09:47:05,058 ERROR com.netty.model.SchedulerImpl - 任务 [roomOneSencondTask1] 已取消 !
2015-02-22 09:47:05,073 INFO com.common.util.Log - room: 低倍场主线程终止...
2015-02-22 09:47:05,073 INFO com.common.util.Log - room:低倍场数据保存完毕
2015-02-22 09:47:05,073 INFO com.common.util.Log - room:  低倍场 is closed
2015-02-22 09:47:05,073 ERROR com.netty.model.SchedulerImpl - 任务 [roomAddTask1] 已取消 !
2015-02-22 09:47:05,073 ERROR com.netty.model.SchedulerImpl - 任务 [roomSaveTask1] 已取消 !
2015-02-22 09:50:27,697 INFO com.mchange.v2.log.MLog - MLog clients using log4j logging.
2015-02-22 09:50:28,009 INFO com.mchange.v2.c3p0.C3P0Registry - Initializing c3p0-0.9.1.2 [built 21-May-2007 15:04:56; debug? true; trace: 10]
2015-02-22 09:50:28,087 INFO com.common.util.Log - 读取机器人名字： 330
2015-02-22 09:50:28,166 INFO com.mchange.v2.c3p0.impl.AbstractPoolBackedDataSource - Initializing c3p0 pool... com.mchange.v2.c3p0.ComboPooledDataSource [ acquireIncrement -> 15, acquireRetryAttempts -> 30, acquireRetryDelay -> 1000, autoCommitOnClose -> false, automaticTestTable -> null, breakAfterAcquireFailure -> true, checkoutTimeout -> 5000, connectionCustomizerClassName -> null, connectionTesterClassName -> com.mchange.v2.c3p0.impl.DefaultConnectionTester, dataSourceName -> tiger, debugUnreturnedConnectionStackTraces -> false, description -> null, driverClass -> com.mysql.jdbc.Driver, factoryClassLocation -> null, forceIgnoreUnresolvedTransactions -> false, identityToken -> 1b61hpa971cjt85shpxohv|750868a1, idleConnectionTestPeriod -> 60, initialPoolSize -> 75, jdbcUrl -> jdbc:mysql://127.0.0.1:3306/tiger?autoReconnect=true&useUnicode=true&characterEncoding=UTF-8, maxAdministrativeTaskTime -> 0, maxConnectionAge -> 0, maxIdleTime -> 1, maxIdleTimeExcessConnections -> 0, maxPoolSize -> 150, maxStatements -> 0, maxStatementsPerConnection -> 0, minPoolSize -> 25, numHelperThreads -> 10, numThreadsAwaitingCheckoutDefaultUser -> 0, preferredTestQuery -> null, properties -> {user=******, password=******}, propertyCycle -> 0, testConnectionOnCheckin -> false, testConnectionOnCheckout -> false, unreturnedConnectionTimeout -> 0, usesTraditionalReflectiveProxies -> false ]
2015-02-22 09:50:28,447 INFO com.common.util.Log - 读取机器人发言策略： 0
2015-02-22 09:50:28,993 INFO com.common.util.Log - server start: 1010
2015-02-22 09:50:29,008 INFO com.common.util.Log - server start: 843
2015-02-22 09:50:30,311 INFO com.common.util.Log - 加入 AI 29
2015-02-22 09:50:33,730 INFO com.common.util.Log - 新用户接入,当前在线数量:  1
2015-02-22 09:50:54,231 INFO com.common.util.Log - 读取机器人名字： 330
2015-02-22 09:50:54,238 INFO com.common.util.Log - 读取机器人发言策略： 0
2015-02-22 09:50:54,254 INFO com.common.util.Log - 请求关闭房间低倍场
2015-02-22 09:50:59,223 INFO com.common.util.Log - /127.0.0.1获取策略文件,asCount:1
2015-02-22 09:50:59,262 INFO com.common.util.Log - 新用户接入,当前在线数量:  1
2015-02-22 09:51:00,809 INFO com.common.util.Log - 房间： 低倍场 期数: 1 type: 2 index: [19] hid: [9] bei: 4.0 在线人数： 1 09:51:00
2015-02-22 09:51:40,086 ERROR com.netty.model.SchedulerImpl - 任务 [roomOneSencondTask1] 已取消 !
2015-02-22 09:51:40,086 INFO com.common.util.Log - room: 低倍场主线程终止...
2015-02-22 09:51:40,137 INFO com.common.util.Log - room:低倍场数据保存完毕
2015-02-22 09:51:40,137 INFO com.common.util.Log - room:  低倍场 is closed
2015-02-22 09:51:40,137 ERROR com.netty.model.SchedulerImpl - 任务 [roomAddTask1] 已取消 !
2015-02-22 09:51:40,137 ERROR com.netty.model.SchedulerImpl - 任务 [roomSaveTask1] 已取消 !
2015-02-22 09:52:18,734 INFO com.mchange.v2.log.MLog - MLog clients using log4j logging.
2015-02-22 09:52:19,046 INFO com.mchange.v2.c3p0.C3P0Registry - Initializing c3p0-0.9.1.2 [built 21-May-2007 15:04:56; debug? true; trace: 10]
2015-02-22 09:52:19,124 INFO com.common.util.Log - 读取机器人名字： 330
2015-02-22 09:52:19,187 INFO com.mchange.v2.c3p0.impl.AbstractPoolBackedDataSource - Initializing c3p0 pool... com.mchange.v2.c3p0.ComboPooledDataSource [ acquireIncrement -> 15, acquireRetryAttempts -> 30, acquireRetryDelay -> 1000, autoCommitOnClose -> false, automaticTestTable -> null, breakAfterAcquireFailure -> true, checkoutTimeout -> 5000, connectionCustomizerClassName -> null, connectionTesterClassName -> com.mchange.v2.c3p0.impl.DefaultConnectionTester, dataSourceName -> tiger, debugUnreturnedConnectionStackTraces -> false, description -> null, driverClass -> com.mysql.jdbc.Driver, factoryClassLocation -> null, forceIgnoreUnresolvedTransactions -> false, identityToken -> 1b61hpa971cjvlu5sjcnb5|5df21b01, idleConnectionTestPeriod -> 60, initialPoolSize -> 75, jdbcUrl -> jdbc:mysql://127.0.0.1:3306/tiger?autoReconnect=true&useUnicode=true&characterEncoding=UTF-8, maxAdministrativeTaskTime -> 0, maxConnectionAge -> 0, maxIdleTime -> 1, maxIdleTimeExcessConnections -> 0, maxPoolSize -> 150, maxStatements -> 0, maxStatementsPerConnection -> 0, minPoolSize -> 25, numHelperThreads -> 10, numThreadsAwaitingCheckoutDefaultUser -> 0, preferredTestQuery -> null, properties -> {user=******, password=******}, propertyCycle -> 0, testConnectionOnCheckin -> false, testConnectionOnCheckout -> false, unreturnedConnectionTimeout -> 0, usesTraditionalReflectiveProxies -> false ]
2015-02-22 09:52:19,725 INFO com.common.util.Log - 读取机器人发言策略： 0
2015-02-22 09:52:19,967 INFO com.common.util.Log - server start: 1010
2015-02-22 09:52:19,999 INFO com.common.util.Log - server start: 843
2015-02-22 09:52:44,509 INFO com.mchange.v2.log.MLog - MLog clients using log4j logging.
2015-02-22 09:52:44,821 INFO com.mchange.v2.c3p0.C3P0Registry - Initializing c3p0-0.9.1.2 [built 21-May-2007 15:04:56; debug? true; trace: 10]
2015-02-22 09:52:44,899 INFO com.common.util.Log - 读取机器人名字： 330
2015-02-22 09:52:44,962 INFO com.mchange.v2.c3p0.impl.AbstractPoolBackedDataSource - Initializing c3p0 pool... com.mchange.v2.c3p0.ComboPooledDataSource [ acquireIncrement -> 15, acquireRetryAttempts -> 30, acquireRetryDelay -> 1000, autoCommitOnClose -> false, automaticTestTable -> null, breakAfterAcquireFailure -> true, checkoutTimeout -> 5000, connectionCustomizerClassName -> null, connectionTesterClassName -> com.mchange.v2.c3p0.impl.DefaultConnectionTester, dataSourceName -> tiger, debugUnreturnedConnectionStackTraces -> false, description -> null, driverClass -> com.mysql.jdbc.Driver, factoryClassLocation -> null, forceIgnoreUnresolvedTransactions -> false, identityToken -> 1b61hpa971cjw5qk13c2mr0|7b0d5e0d, idleConnectionTestPeriod -> 60, initialPoolSize -> 75, jdbcUrl -> jdbc:mysql://127.0.0.1:3306/tiger?autoReconnect=true&useUnicode=true&characterEncoding=UTF-8, maxAdministrativeTaskTime -> 0, maxConnectionAge -> 0, maxIdleTime -> 1, maxIdleTimeExcessConnections -> 0, maxPoolSize -> 150, maxStatements -> 0, maxStatementsPerConnection -> 0, minPoolSize -> 25, numHelperThreads -> 10, numThreadsAwaitingCheckoutDefaultUser -> 0, preferredTestQuery -> null, properties -> {user=******, password=******}, propertyCycle -> 0, testConnectionOnCheckin -> false, testConnectionOnCheckout -> false, unreturnedConnectionTimeout -> 0, usesTraditionalReflectiveProxies -> false ]
2015-02-22 09:52:45,274 INFO com.common.util.Log - 读取机器人发言策略： 0
2015-02-22 09:52:45,824 INFO com.common.util.Log - server start: 1010
2015-02-22 09:52:45,840 INFO com.common.util.Log - server start: 843
2015-02-22 09:52:47,106 INFO com.common.util.Log - 加入 AI 25
2015-02-22 09:52:51,608 INFO com.common.util.Log - 新用户接入,当前在线数量:  1
2015-02-22 09:52:59,087 INFO com.common.util.Log - 读取机器人名字： 330
2015-02-22 09:52:59,102 INFO com.common.util.Log - 读取机器人发言策略： 0
2015-02-22 09:52:59,117 INFO com.common.util.Log - 请求关闭房间低倍场
2015-02-22 09:52:59,289 INFO com.common.util.Log - 加入 AI 29
2015-02-22 09:53:17,040 INFO com.common.util.Log - 房间： 低倍场 期数: 1 type: 0 index: [1] hid: [9] bei: 0.0 在线人数： 4 09:53:17
2015-02-22 09:54:00,033 INFO com.mchange.v2.log.MLog - MLog clients using log4j logging.
2015-02-22 09:54:00,330 INFO com.mchange.v2.c3p0.C3P0Registry - Initializing c3p0-0.9.1.2 [built 21-May-2007 15:04:56; debug? true; trace: 10]
2015-02-22 09:54:00,408 INFO com.common.util.Log - 读取机器人名字： 330
2015-02-22 09:54:00,486 INFO com.mchange.v2.c3p0.impl.AbstractPoolBackedDataSource - Initializing c3p0 pool... com.mchange.v2.c3p0.ComboPooledDataSource [ acquireIncrement -> 15, acquireRetryAttempts -> 30, acquireRetryDelay -> 1000, autoCommitOnClose -> false, automaticTestTable -> null, breakAfterAcquireFailure -> true, checkoutTimeout -> 5000, connectionCustomizerClassName -> null, connectionTesterClassName -> com.mchange.v2.c3p0.impl.DefaultConnectionTester, dataSourceName -> tiger, debugUnreturnedConnectionStackTraces -> false, description -> null, driverClass -> com.mysql.jdbc.Driver, factoryClassLocation -> null, forceIgnoreUnresolvedTransactions -> false, identityToken -> 1b61hpa971cjxs003q5my8|2a99e698, idleConnectionTestPeriod -> 60, initialPoolSize -> 75, jdbcUrl -> jdbc:mysql://127.0.0.1:3306/tiger?autoReconnect=true&useUnicode=true&characterEncoding=UTF-8, maxAdministrativeTaskTime -> 0, maxConnectionAge -> 0, maxIdleTime -> 1, maxIdleTimeExcessConnections -> 0, maxPoolSize -> 150, maxStatements -> 0, maxStatementsPerConnection -> 0, minPoolSize -> 25, numHelperThreads -> 10, numThreadsAwaitingCheckoutDefaultUser -> 0, preferredTestQuery -> null, properties -> {user=******, password=******}, propertyCycle -> 0, testConnectionOnCheckin -> false, testConnectionOnCheckout -> false, unreturnedConnectionTimeout -> 0, usesTraditionalReflectiveProxies -> false ]
2015-02-22 09:54:00,768 INFO com.common.util.Log - 读取机器人发言策略： 0
2015-02-22 09:54:01,235 INFO com.common.util.Log - server start: 1010
2015-02-22 09:54:01,267 INFO com.common.util.Log - server start: 843
2015-02-22 09:54:21,350 INFO com.mchange.v2.log.MLog - MLog clients using log4j logging.
2015-02-22 09:54:21,647 INFO com.mchange.v2.c3p0.C3P0Registry - Initializing c3p0-0.9.1.2 [built 21-May-2007 15:04:56; debug? true; trace: 10]
2015-02-22 09:54:21,725 INFO com.common.util.Log - 读取机器人名字： 330
2015-02-22 09:54:21,787 INFO com.mchange.v2.c3p0.impl.AbstractPoolBackedDataSource - Initializing c3p0 pool... com.mchange.v2.c3p0.ComboPooledDataSource [ acquireIncrement -> 15, acquireRetryAttempts -> 30, acquireRetryDelay -> 1000, autoCommitOnClose -> false, automaticTestTable -> null, breakAfterAcquireFailure -> true, checkoutTimeout -> 5000, connectionCustomizerClassName -> null, connectionTesterClassName -> com.mchange.v2.c3p0.impl.DefaultConnectionTester, dataSourceName -> tiger, debugUnreturnedConnectionStackTraces -> false, description -> null, driverClass -> com.mysql.jdbc.Driver, factoryClassLocation -> null, forceIgnoreUnresolvedTransactions -> false, identityToken -> 1b61hpa971cjy8g51oonvit|7b0d5e0d, idleConnectionTestPeriod -> 60, initialPoolSize -> 75, jdbcUrl -> jdbc:mysql://127.0.0.1:3306/tiger?autoReconnect=true&useUnicode=true&characterEncoding=UTF-8, maxAdministrativeTaskTime -> 0, maxConnectionAge -> 0, maxIdleTime -> 1, maxIdleTimeExcessConnections -> 0, maxPoolSize -> 150, maxStatements -> 0, maxStatementsPerConnection -> 0, minPoolSize -> 25, numHelperThreads -> 10, numThreadsAwaitingCheckoutDefaultUser -> 0, preferredTestQuery -> null, properties -> {user=******, password=******}, propertyCycle -> 0, testConnectionOnCheckin -> false, testConnectionOnCheckout -> false, unreturnedConnectionTimeout -> 0, usesTraditionalReflectiveProxies -> false ]
2015-02-22 09:54:22,100 INFO com.common.util.Log - 读取机器人发言策略： 0
2015-02-22 09:54:22,593 INFO com.common.util.Log - server start: 1010
2015-02-22 09:54:22,624 INFO com.common.util.Log - server start: 843
2015-02-22 09:54:23,936 INFO com.common.util.Log - 加入 AI 29
2015-02-22 09:54:46,265 INFO com.common.util.Log - 新用户接入,当前在线数量:  1
2015-02-22 09:54:54,586 INFO com.common.util.Log - 房间： 低倍场 期数: 1 type: 5 index: [5] hid: [5] bei: 99.0 在线人数： 30 09:54:54
2015-02-22 09:55:01,165 INFO com.common.util.Log - 读取机器人名字： 330
2015-02-22 09:55:01,189 INFO com.common.util.Log - 读取机器人发言策略： 0
2015-02-22 09:55:01,267 INFO com.common.util.Log - 请求关闭房间低倍场
2015-02-22 09:55:01,439 INFO com.common.util.Log - 加入 AI 30
2015-02-22 09:55:08,267 INFO com.common.util.Log - 读取机器人名字： 330
2015-02-22 09:55:08,293 INFO com.common.util.Log - 读取机器人发言策略： 0
2015-02-22 09:55:08,309 INFO com.common.util.Log - 取消关闭房间低倍场
